d:\visualstudioprojects\managementsystem\comxia\release\comxia.pch
d:\visualstudioprojects\managementsystem\comxia\release\vc141.pdb
d:\visualstudioprojects\managementsystem\comxia\release\stdafx.obj
d:\visualstudioprojects\managementsystem\comxia\release\logger.obj
d:\visualstudioprojects\managementsystem\comxia\release\comxia.obj
d:\visualstudioprojects\managementsystem\comxia\release\xdlldata.obj
d:\visualstudioprojects\managementsystem\comxia\release\comxia_i.obj
d:\visualstudioprojects\managementsystem\comxia\release\dllmain.obj
d:\visualstudioprojects\managementsystem\release\comxia.lib
d:\visualstudioprojects\managementsystem\release\comxia.exp
d:\visualstudioprojects\managementsystem\release\comxia.dll
d:\visualstudioprojects\managementsystem\release\comxia.pdb
d:\visualstudioprojects\managementsystem\comxia\release\comxia.tlb
d:\visualstudioprojects\managementsystem\comxia\comxia_p.c
d:\visualstudioprojects\managementsystem\comxia\comxia_i.c
d:\visualstudioprojects\managementsystem\comxia\comxia_i.h
d:\visualstudioprojects\managementsystem\comxia\release\comxia.res
d:\visualstudioprojects\managementsystem\comxia\release\comxia.tlog\cl.command.1.tlog
d:\visualstudioprojects\managementsystem\comxia\release\comxia.tlog\cl.read.1.tlog
d:\visualstudioprojects\managementsystem\comxia\release\comxia.tlog\cl.write.1.tlog
d:\visualstudioprojects\managementsystem\comxia\release\comxia.tlog\comxia.write.1u.tlog
d:\visualstudioprojects\managementsystem\comxia\release\comxia.tlog\link.command.1.tlog
d:\visualstudioprojects\managementsystem\comxia\release\comxia.tlog\link.read.1.tlog
d:\visualstudioprojects\managementsystem\comxia\release\comxia.tlog\link.write.1.tlog
d:\visualstudioprojects\managementsystem\comxia\release\comxia.tlog\midl.command.1.tlog
d:\visualstudioprojects\managementsystem\comxia\release\comxia.tlog\midl.read.1.tlog
d:\visualstudioprojects\managementsystem\comxia\release\comxia.tlog\midl.write.1.tlog
d:\visualstudioprojects\managementsystem\comxia\release\comxia.tlog\rc.command.1.tlog
d:\visualstudioprojects\managementsystem\comxia\release\comxia.tlog\rc.read.1.tlog
d:\visualstudioprojects\managementsystem\comxia\release\comxia.tlog\rc.write.1.tlog
