e:\vsproject\managementsystem\managementsystem\devicemanagement\cli\debug\cli.pch
e:\vsproject\managementsystem\managementsystem\devicemanagement\cli\debug\vc141.pdb
e:\vsproject\managementsystem\managementsystem\devicemanagement\cli\debug\stdafx.obj
e:\vsproject\managementsystem\managementsystem\devicemanagement\cli\debug\cli.obj
e:\vsproject\managementsystem\managementsystem\devicemanagement\cli\debug\assemblyinfo.obj
e:\vsproject\managementsystem\managementsystem\devicemanagement\cli\debug\.netframework,version=v4.5.2.assemblyattributes.obj
e:\vsproject\managementsystem\managementsystem\devicemanagement\cli\debug\.netframework,version=v4.5.2.assemblyattributes.asm
e:\vsproject\managementsystem\managementsystem\devicemanagement\debug\cli.dll
e:\vsproject\managementsystem\managementsystem\devicemanagement\debug\cli.pdb
e:\vsproject\managementsystem\managementsystem\devicemanagement\cli\debug\app.res
e:\vsproject\managementsystem\managementsystem\devicemanagement\cli\debug\cli.tlog\cl.command.1.tlog
e:\vsproject\managementsystem\managementsystem\devicemanagement\cli\debug\cli.tlog\cl.read.1.tlog
e:\vsproject\managementsystem\managementsystem\devicemanagement\cli\debug\cli.tlog\cl.write.1.tlog
e:\vsproject\managementsystem\managementsystem\devicemanagement\cli\debug\cli.tlog\link.command.1.tlog
e:\vsproject\managementsystem\managementsystem\devicemanagement\cli\debug\cli.tlog\link.read.1.tlog
e:\vsproject\managementsystem\managementsystem\devicemanagement\cli\debug\cli.tlog\link.write.1.tlog
e:\vsproject\managementsystem\managementsystem\devicemanagement\cli\debug\cli.tlog\metagen.read.1.tlog
e:\vsproject\managementsystem\managementsystem\devicemanagement\cli\debug\cli.tlog\metagen.write.1.tlog
e:\vsproject\managementsystem\managementsystem\devicemanagement\cli\debug\cli.tlog\rc.command.1.tlog
e:\vsproject\managementsystem\managementsystem\devicemanagement\cli\debug\cli.tlog\rc.read.1.tlog
e:\vsproject\managementsystem\managementsystem\devicemanagement\cli\debug\cli.tlog\rc.write.1.tlog
e:\vsproject\managementsystem\managementsystem\devicemanagement\cli\debug\cli.tlog\tzres.dll.bi
