e:\vsproject\managementsystem\managementsystem\devicemanagement\log4csatl\debug\log4csatl.pch
e:\vsproject\managementsystem\managementsystem\devicemanagement\log4csatl\debug\vc141.pdb
e:\vsproject\managementsystem\managementsystem\devicemanagement\log4csatl\debug\vc141.idb
e:\vsproject\managementsystem\managementsystem\devicemanagement\log4csatl\debug\stdafx.obj
e:\vsproject\managementsystem\managementsystem\devicemanagement\log4csatl\debug\dllmain.obj
e:\vsproject\managementsystem\managementsystem\devicemanagement\log4csatl\debug\httprequestlogger.obj
e:\vsproject\managementsystem\managementsystem\devicemanagement\log4csatl\debug\log4csatl.obj
e:\vsproject\managementsystem\managementsystem\devicemanagement\log4csatl\debug\log4csatl_i.obj
e:\vsproject\managementsystem\managementsystem\devicemanagement\log4csatl\debug\xdlldata.obj
e:\vsproject\managementsystem\managementsystem\devicemanagement\debug\log4csatl.ilk
e:\vsproject\managementsystem\managementsystem\devicemanagement\debug\log4csatl.dll
e:\vsproject\managementsystem\managementsystem\devicemanagement\debug\log4csatl.pdb
e:\vsproject\managementsystem\managementsystem\devicemanagement\debug\log4csatl.lib
e:\vsproject\managementsystem\managementsystem\devicemanagement\debug\log4csatl.exp
e:\vsproject\managementsystem\managementsystem\devicemanagement\log4csatl\debug\log4csatl.tlb
e:\vsproject\managementsystem\managementsystem\devicemanagement\log4csatl\log4csatl_p.c
e:\vsproject\managementsystem\managementsystem\devicemanagement\log4csatl\log4csatl_i.c
e:\vsproject\managementsystem\managementsystem\devicemanagement\log4csatl\log4csatl_i.h
e:\vsproject\managementsystem\managementsystem\devicemanagement\log4csatl\debug\log4csatl.res
e:\vsproject\managementsystem\managementsystem\devicemanagement\log4csatl\debug\log4csatl.tlog\cl.command.1.tlog
e:\vsproject\managementsystem\managementsystem\devicemanagement\log4csatl\debug\log4csatl.tlog\cl.read.1.tlog
e:\vsproject\managementsystem\managementsystem\devicemanagement\log4csatl\debug\log4csatl.tlog\cl.write.1.tlog
e:\vsproject\managementsystem\managementsystem\devicemanagement\log4csatl\debug\log4csatl.tlog\link.command.1.tlog
e:\vsproject\managementsystem\managementsystem\devicemanagement\log4csatl\debug\log4csatl.tlog\link.read.1.tlog
e:\vsproject\managementsystem\managementsystem\devicemanagement\log4csatl\debug\log4csatl.tlog\link.write.1.tlog
e:\vsproject\managementsystem\managementsystem\devicemanagement\log4csatl\debug\log4csatl.tlog\log4csatl.write.1u.tlog
e:\vsproject\managementsystem\managementsystem\devicemanagement\log4csatl\debug\log4csatl.tlog\midl.command.1.tlog
e:\vsproject\managementsystem\managementsystem\devicemanagement\log4csatl\debug\log4csatl.tlog\midl.read.1.tlog
e:\vsproject\managementsystem\managementsystem\devicemanagement\log4csatl\debug\log4csatl.tlog\midl.write.1.tlog
e:\vsproject\managementsystem\managementsystem\devicemanagement\log4csatl\debug\log4csatl.tlog\rc.command.1.tlog
e:\vsproject\managementsystem\managementsystem\devicemanagement\log4csatl\debug\log4csatl.tlog\rc.read.1.tlog
e:\vsproject\managementsystem\managementsystem\devicemanagement\log4csatl\debug\log4csatl.tlog\rc.write.1.tlog
