d:\visualstudioprojects\managementsystem\md5cli\release\md5cli.pch
d:\visualstudioprojects\managementsystem\md5cli\release\vc141.pdb
d:\visualstudioprojects\managementsystem\md5cli\release\stdafx.obj
d:\visualstudioprojects\managementsystem\md5cli\release\md5cpp.obj
d:\visualstudioprojects\managementsystem\md5cli\release\md5cli.obj
d:\visualstudioprojects\managementsystem\md5cli\release\assemblyinfo.obj
d:\visualstudioprojects\managementsystem\md5cli\release\.netframework,version=v4.5.2.assemblyattributes.obj
d:\visualstudioprojects\managementsystem\md5cli\release\.netframework,version=v4.5.2.assemblyattributes.asm
d:\visualstudioprojects\managementsystem\release\md5cli.dll
d:\visualstudioprojects\managementsystem\release\md5cli.pdb
d:\visualstudioprojects\managementsystem\release\md5cli.lib
d:\visualstudioprojects\managementsystem\release\md5cli.exp
d:\visualstudioprojects\managementsystem\md5cli\release\app.res
d:\visualstudioprojects\managementsystem\md5cli\release\md5cli.tlog\cl.command.1.tlog
d:\visualstudioprojects\managementsystem\md5cli\release\md5cli.tlog\cl.read.1.tlog
d:\visualstudioprojects\managementsystem\md5cli\release\md5cli.tlog\cl.write.1.tlog
d:\visualstudioprojects\managementsystem\md5cli\release\md5cli.tlog\link.command.1.tlog
d:\visualstudioprojects\managementsystem\md5cli\release\md5cli.tlog\link.read.1.tlog
d:\visualstudioprojects\managementsystem\md5cli\release\md5cli.tlog\link.write.1.tlog
d:\visualstudioprojects\managementsystem\md5cli\release\md5cli.tlog\md5cli.write.1u.tlog
d:\visualstudioprojects\managementsystem\md5cli\release\md5cli.tlog\metagen.read.1.tlog
d:\visualstudioprojects\managementsystem\md5cli\release\md5cli.tlog\metagen.write.1.tlog
d:\visualstudioprojects\managementsystem\md5cli\release\md5cli.tlog\rc.command.1.tlog
d:\visualstudioprojects\managementsystem\md5cli\release\md5cli.tlog\rc.read.1.tlog
d:\visualstudioprojects\managementsystem\md5cli\release\md5cli.tlog\rc.write.1.tlog
d:\visualstudioprojects\managementsystem\md5cli\release\md5cli.tlog\tzres.dll.bi
